c:\users\vit\source\repos\loginscreenjanuary6th\loginscreen\loginscreen\debug\vc141.pdb
c:\users\vit\source\repos\loginscreenjanuary6th\loginscreen\loginscreen\debug\.netframework,version=v4.5.assemblyattributes.obj
c:\users\vit\source\repos\loginscreenjanuary6th\loginscreen\loginscreen\debug\.netframework,version=v4.5.assemblyattributes.asm
c:\users\vit\source\repos\loginscreenjanuary6th\loginscreen\loginscreen\debug\myform.obj
c:\users\vit\source\repos\loginscreenjanuary6th\loginscreen\debug\loginscreen.exe
c:\users\vit\source\repos\loginscreenjanuary6th\loginscreen\debug\loginscreen.pdb
c:\users\vit\source\repos\loginscreenjanuary6th\loginscreen\loginscreen\debug\loginscreen.adduserscr.resources
c:\users\vit\source\repos\loginscreenjanuary6th\loginscreen\loginscreen\debug\loginscreen.addusertoteamscr.resources
c:\users\vit\source\repos\loginscreenjanuary6th\loginscreen\loginscreen\debug\loginscreen.add_personal_event.resources
c:\users\vit\source\repos\loginscreenjanuary6th\loginscreen\loginscreen\debug\loginscreen.changepasswordscr.resources
c:\users\vit\source\repos\loginscreenjanuary6th\loginscreen\loginscreen\debug\loginscreen.deleteuserscr.resources
c:\users\vit\source\repos\loginscreenjanuary6th\loginscreen\loginscreen\debug\loginscreen.edituserscr.resources
c:\users\vit\source\repos\loginscreenjanuary6th\loginscreen\loginscreen\debug\loginscreen.loginmsgscr.resources
c:\users\vit\source\repos\loginscreenjanuary6th\loginscreen\loginscreen\debug\loginscreen.mainscreen.resources
c:\users\vit\source\repos\loginscreenjanuary6th\loginscreen\loginscreen\debug\loginscreen.myform.resources
c:\users\vit\source\repos\loginscreenjanuary6th\loginscreen\loginscreen\debug\loginscreen.resetscr.resources
c:\users\vit\source\repos\loginscreenjanuary6th\loginscreen\loginscreen\debug\loginscreen.vcxproj.generateresource.cache
c:\users\vit\source\repos\loginscreenjanuary6th\loginscreen\loginscreen\debug\loginscreen.vcxprojassemblyreference.cache
c:\users\vit\source\repos\loginscreenjanuary6th\loginscreen\loginscreen\debug\loginscreen.tlog\cl.command.1.tlog
c:\users\vit\source\repos\loginscreenjanuary6th\loginscreen\loginscreen\debug\loginscreen.tlog\cl.read.1.tlog
c:\users\vit\source\repos\loginscreenjanuary6th\loginscreen\loginscreen\debug\loginscreen.tlog\cl.write.1.tlog
c:\users\vit\source\repos\loginscreenjanuary6th\loginscreen\loginscreen\debug\loginscreen.tlog\link.command.1.tlog
c:\users\vit\source\repos\loginscreenjanuary6th\loginscreen\loginscreen\debug\loginscreen.tlog\link.read.1.tlog
c:\users\vit\source\repos\loginscreenjanuary6th\loginscreen\loginscreen\debug\loginscreen.tlog\link.write.1.tlog
c:\users\vit\source\repos\loginscreenjanuary6th\loginscreen\loginscreen\debug\loginscreen.tlog\loginscreen.write.1u.tlog
c:\users\vit\source\repos\loginscreenjanuary6th\loginscreen\loginscreen\debug\loginscreen.tlog\metagen.read.1.tlog
c:\users\vit\source\repos\loginscreenjanuary6th\loginscreen\loginscreen\debug\loginscreen.tlog\metagen.write.1.tlog
